0 info it worked if it ends with ok
1 verbose cli [ '/usr/bin/nodejs',
1 verbose cli   '/usr/bin/npm',
1 verbose cli   '-g',
1 verbose cli   '--add-python-to-path',
1 verbose cli   '--vs2017',
1 verbose cli   'install',
1 verbose cli   'windows-build-tools',
1 verbose cli   'node-gyp' ]
2 info using npm@1.4.21
3 info using node@v0.10.29
4 verbose cache add [ 'windows-build-tools', null ]
5 verbose cache add name=undefined spec="windows-build-tools" args=["windows-build-tools",null]
6 verbose parsed url { protocol: null,
6 verbose parsed url   slashes: null,
6 verbose parsed url   auth: null,
6 verbose parsed url   host: null,
6 verbose parsed url   port: null,
6 verbose parsed url   hostname: null,
6 verbose parsed url   hash: null,
6 verbose parsed url   search: null,
6 verbose parsed url   query: null,
6 verbose parsed url   pathname: 'windows-build-tools',
6 verbose parsed url   path: 'windows-build-tools',
6 verbose parsed url   href: 'windows-build-tools' }
7 verbose cache add [ 'node-gyp', null ]
8 verbose cache add name=undefined spec="node-gyp" args=["node-gyp",null]
9 verbose parsed url { protocol: null,
9 verbose parsed url   slashes: null,
9 verbose parsed url   auth: null,
9 verbose parsed url   host: null,
9 verbose parsed url   port: null,
9 verbose parsed url   hostname: null,
9 verbose parsed url   hash: null,
9 verbose parsed url   search: null,
9 verbose parsed url   query: null,
9 verbose parsed url   pathname: 'node-gyp',
9 verbose parsed url   path: 'node-gyp',
9 verbose parsed url   href: 'node-gyp' }
10 silly lockFile 2da1b5c2-windows-build-tools windows-build-tools
11 verbose lock windows-build-tools /root/.npm/2da1b5c2-windows-build-tools.lock
12 silly lockFile 54062583-node-gyp node-gyp
13 verbose lock node-gyp /root/.npm/54062583-node-gyp.lock
14 silly lockFile 2da1b5c2-windows-build-tools windows-build-tools
15 silly lockFile 2da1b5c2-windows-build-tools windows-build-tools
16 silly lockFile 54062583-node-gyp node-gyp
17 silly lockFile 54062583-node-gyp node-gyp
18 verbose addNamed [ 'windows-build-tools', '' ]
19 verbose addNamed [ null, '*' ]
20 silly lockFile 5d7abb51-windows-build-tools windows-build-tools@
21 verbose lock windows-build-tools@ /root/.npm/5d7abb51-windows-build-tools.lock
22 verbose addNamed [ 'node-gyp', '' ]
23 verbose addNamed [ null, '*' ]
24 silly lockFile c0cd6589-node-gyp node-gyp@
25 verbose lock node-gyp@ /root/.npm/c0cd6589-node-gyp.lock
26 silly addNameRange { name: 'windows-build-tools', range: '*', hasData: false }
27 silly addNameRange { name: 'node-gyp', range: '*', hasData: false }
28 verbose request where is /windows-build-tools
29 verbose request registry https://registry.npmjs.org/
30 verbose request id 397a49a121f5f886
31 verbose url raw /windows-build-tools
32 verbose url resolving [ 'https://registry.npmjs.org/', './windows-build-tools' ]
33 verbose url resolved https://registry.npmjs.org/windows-build-tools
34 verbose request where is https://registry.npmjs.org/windows-build-tools
35 info trying registry request attempt 1 at 02:39:39
36 http GET https://registry.npmjs.org/windows-build-tools
37 verbose request where is /node-gyp
38 verbose request registry https://registry.npmjs.org/
39 verbose url raw /node-gyp
40 verbose url resolving [ 'https://registry.npmjs.org/', './node-gyp' ]
41 verbose url resolved https://registry.npmjs.org/node-gyp
42 verbose request where is https://registry.npmjs.org/node-gyp
43 info trying registry request attempt 1 at 02:39:39
44 http GET https://registry.npmjs.org/node-gyp
45 http 200 https://registry.npmjs.org/node-gyp
46 silly registry.get cb [ 200,
46 silly registry.get   { date: 'Sun, 23 Dec 2018 01:39:39 GMT',
46 silly registry.get     'content-type': 'application/json; charset=UTF-8',
46 silly registry.get     'transfer-encoding': 'chunked',
46 silly registry.get     connection: 'keep-alive',
46 silly registry.get     'set-cookie': [ '__cfduid=d347b72712c906a2193a51ad7120efd771545529179; expires=Mon, 23-Dec-19 01:39:39 GMT; path=/; domain=.registry.npmjs.org; HttpOnly' ],
46 silly registry.get     'cf-cache-status': 'HIT',
46 silly registry.get     'cache-control': 'max-age=300',
46 silly registry.get     'cf-ray': '48d71d9c9f48c797-AMS',
46 silly registry.get     etag: 'W/"b5b3e7039bf2016955ed49f88e90d2c7"',
46 silly registry.get     'expect-ct': 'max-age=604800, report-uri="https://report-uri.cloudflare.com/cdn-cgi/beacon/expect-ct"',
46 silly registry.get     'last-modified': 'Thu, 09 Aug 2018 00:54:03 GMT',
46 silly registry.get     vary: 'accept-encoding, accept',
46 silly registry.get     server: 'cloudflare',
46 silly registry.get     'content-encoding': 'gzip' } ]
47 silly addNameRange number 2 { name: 'node-gyp', range: '*', hasData: true }
48 silly addNameRange versions [ 'node-gyp',
48 silly addNameRange   [ '0.0.1',
48 silly addNameRange     '0.0.2',
48 silly addNameRange     '0.0.3',
48 silly addNameRange     '0.0.4',
48 silly addNameRange     '0.0.5',
48 silly addNameRange     '0.0.6',
48 silly addNameRange     '0.1.0',
48 silly addNameRange     '0.1.1',
48 silly addNameRange     '0.1.2',
48 silly addNameRange     '0.1.3',
48 silly addNameRange     '0.1.4',
48 silly addNameRange     '0.2.0',
48 silly addNameRange     '0.2.1',
48 silly addNameRange     '0.2.2',
48 silly addNameRange     '0.3.0',
48 silly addNameRange     '0.3.1',
48 silly addNameRange     '0.3.2',
48 silly addNameRange     '0.3.4',
48 silly addNameRange     '0.3.5',
48 silly addNameRange     '0.3.6',
48 silly addNameRange     '0.3.7',
48 silly addNameRange     '0.3.8',
48 silly addNameRange     '0.3.9',
48 silly addNameRange     '0.3.10',
48 silly addNameRange     '0.3.11',
48 silly addNameRange     '0.4.0',
48 silly addNameRange     '0.4.1',
48 silly addNameRange     '0.4.2',
48 silly addNameRange     '0.4.3',
48 silly addNameRange     '0.4.4',
48 silly addNameRange     '0.4.5',
48 silly addNameRange     '0.5.0',
48 silly addNameRange     '0.5.1',
48 silly addNameRange     '0.5.2',
48 silly addNameRange     '0.5.3',
48 silly addNameRange     '0.5.4',
48 silly addNameRange     '0.5.5',
48 silly addNameRange     '0.5.6',
48 silly addNameRange     '0.5.7',
48 silly addNameRange     '0.5.8',
48 silly addNameRange     '0.6.0',
48 silly addNameRange     '0.6.1',
48 silly addNameRange     '0.6.2',
48 silly addNameRange     '0.6.3',
48 silly addNameRange     '0.6.4',
48 silly addNameRange     '0.6.5',
48 silly addNameRange     '0.6.6',
48 silly addNameRange     '0.6.7',
48 silly addNameRange     '0.6.8',
48 silly addNameRange     '0.6.9',
48 silly addNameRange     '0.6.10',
48 silly addNameRange     '0.6.11',
48 silly addNameRange     '0.7.0',
48 silly addNameRange     '0.7.1',
48 silly addNameRange     '0.7.2',
48 silly addNameRange     '0.7.3',
48 silly addNameRange     '0.8.0',
48 silly addNameRange     '0.8.1',
48 silly addNameRange     '0.8.2',
48 silly addNameRange     '0.8.3',
48 silly addNameRange     '0.8.4',
48 silly addNameRange     '0.8.5',
48 silly addNameRange     '0.9.0',
48 silly addNameRange     '0.9.1',
48 silly addNameRange     '0.9.2',
48 silly addNameRange     '0.9.3',
48 silly addNameRange     '0.9.4',
48 silly addNameRange     '0.9.5',
48 silly addNameRange     '0.9.6',
48 silly addNameRange     '0.10.0',
48 silly addNameRange     '0.10.1',
48 silly addNameRange     '0.10.2',
48 silly addNameRange     '0.10.3',
48 silly addNameRange     '0.10.4',
48 silly addNameRange     '0.10.5',
48 silly addNameRange     '0.10.6',
48 silly addNameRange     '0.10.7',
48 silly addNameRange     '0.10.8',
48 silly addNameRange     '0.10.9',
48 silly addNameRange     '0.10.10',
48 silly addNameRange     '0.11.0',
48 silly addNameRange     '0.12.0',
48 silly addNameRange     '0.12.1',
48 silly addNameRange     '0.12.2',
48 silly addNameRange     '0.13.0',
48 silly addNameRange     '0.13.1',
48 silly addNameRange     '1.0.0',
48 silly addNameRange     '1.0.1',
48 silly addNameRange     '1.0.2',
48 silly addNameRange     '1.0.3',
48 silly addNameRange     '2.0.0',
48 silly addNameRange     '2.0.1',
48 silly addNameRange     '2.0.2',
48 silly addNameRange     '3.0.0',
48 silly addNameRange     '3.0.1',
48 silly addNameRange     '3.0.2',
48 silly addNameRange     '3.0.3',
48 silly addNameRange     '3.1.0',
48 silly addNameRange     '3.2.0',
48 silly addNameRange     '3.2.1',
48 silly addNameRange     '3.3.0',
48 silly addNameRange     '3.3.1',
48 silly addNameRange     '3.4.0',
48 silly addNameRange     '3.5.0',
48 silly addNameRange     '3.6.0',
48 silly addNameRange     '3.6.1',
48 silly addNameRange     '3.6.2',
48 silly addNameRange     '3.6.3',
48 silly addNameRange     '3.7.0',
48 silly addNameRange     '3.8.0' ] ]
49 verbose addNamed [ 'node-gyp', '3.8.0' ]
50 verbose addNamed [ '3.8.0', '3.8.0' ]
51 silly lockFile 098fc9d0-node-gyp-3-8-0 node-gyp@3.8.0
52 verbose lock node-gyp@3.8.0 /root/.npm/098fc9d0-node-gyp-3-8-0.lock
53 http 200 https://registry.npmjs.org/windows-build-tools
54 silly registry.get cb [ 200,
54 silly registry.get   { date: 'Sun, 23 Dec 2018 01:39:39 GMT',
54 silly registry.get     'content-type': 'application/json',
54 silly registry.get     'transfer-encoding': 'chunked',
54 silly registry.get     connection: 'keep-alive',
54 silly registry.get     'set-cookie': [ '__cfduid=dec4cfce4aa4d002537885dde9a1488bc1545529179; expires=Mon, 23-Dec-19 01:39:39 GMT; path=/; domain=.registry.npmjs.org; HttpOnly' ],
54 silly registry.get     'cf-cache-status': 'HIT',
54 silly registry.get     'cache-control': 'max-age=300',
54 silly registry.get     'cf-ray': '48d71d9c9beac859-AMS',
54 silly registry.get     etag: 'W/"ec277cc7363d34890ba5217a66e1534b"',
54 silly registry.get     'expect-ct': 'max-age=604800, report-uri="https://report-uri.cloudflare.com/cdn-cgi/beacon/expect-ct"',
54 silly registry.get     'last-modified': 'Tue, 18 Sep 2018 08:35:46 GMT',
54 silly registry.get     vary: 'accept-encoding, accept',
54 silly registry.get     'x-amz-meta-rev': '135-bb9490ca57d7889a8ff77501954f739e',
54 silly registry.get     server: 'cloudflare',
54 silly registry.get     'content-encoding': 'gzip' } ]
55 silly lockFile 37ae1628--org-node-gyp-node-gyp-3-8-0-tgz https://registry.npmjs.org/node-gyp/-/node-gyp-3.8.0.tgz
56 verbose lock https://registry.npmjs.org/node-gyp/-/node-gyp-3.8.0.tgz /root/.npm/37ae1628--org-node-gyp-node-gyp-3-8-0-tgz.lock
57 verbose addRemoteTarball [ 'https://registry.npmjs.org/node-gyp/-/node-gyp-3.8.0.tgz',
57 verbose addRemoteTarball   '540304261c330e80d0d5edce253a68cb3964218c' ]
58 silly addNameRange number 2 { name: 'windows-build-tools', range: '*', hasData: true }
59 silly addNameRange versions [ 'windows-build-tools',
59 silly addNameRange   [ '0.1.0',
59 silly addNameRange     '0.1.1',
59 silly addNameRange     '0.1.2',
59 silly addNameRange     '0.1.3',
59 silly addNameRange     '0.1.4',
59 silly addNameRange     '0.1.5',
59 silly addNameRange     '0.1.6',
59 silly addNameRange     '0.1.7',
59 silly addNameRange     '0.1.8',
59 silly addNameRange     '0.2.0',
59 silly addNameRange     '0.2.1',
59 silly addNameRange     '0.2.2',
59 silly addNameRange     '0.2.3',
59 silly addNameRange     '0.2.5',
59 silly addNameRange     '0.2.6',
59 silly addNameRange     '0.2.7',
59 silly addNameRange     '0.2.8',
59 silly addNameRange     '0.2.9',
59 silly addNameRange     '0.2.10',
59 silly addNameRange     '0.3.0',
59 silly addNameRange     '0.3.1',
59 silly addNameRange     '0.4.0',
59 silly addNameRange     '0.4.1',
59 silly addNameRange     '0.5.0',
59 silly addNameRange     '0.6.0',
59 silly addNameRange     '0.6.1',
59 silly addNameRange     '0.7.0',
59 silly addNameRange     '1.0.0',
59 silly addNameRange     '1.1.0',
59 silly addNameRange     '1.2.0',
59 silly addNameRange     '1.2.1',
59 silly addNameRange     '1.3.1',
59 silly addNameRange     '1.3.2',
59 silly addNameRange     '1.4.0',
59 silly addNameRange     '1.4.1',
59 silly addNameRange     '1.4.2',
59 silly addNameRange     '2.0.0',
59 silly addNameRange     '2.1.1',
59 silly addNameRange     '2.1.2',
59 silly addNameRange     '2.1.3',
59 silly addNameRange     '2.1.4',
59 silly addNameRange     '2.1.5',
59 silly addNameRange     '1.4.3',
59 silly addNameRange     '2.2.0',
59 silly addNameRange     '2.2.1',
59 silly addNameRange     '2.3.0',
59 silly addNameRange     '3.0.0-beta.1',
59 silly addNameRange     '3.0.0-beta.2',
59 silly addNameRange     '3.0.0-beta.3',
59 silly addNameRange     '3.0.0',
59 silly addNameRange     '3.0.1',
59 silly addNameRange     '3.1.0',
59 silly addNameRange     '4.0.0-alpha.1',
59 silly addNameRange     '4.0.0-alpha.2',
59 silly addNameRange     '4.0.0-alpha.3',
59 silly addNameRange     '4.0.0-alpha.4',
59 silly addNameRange     '4.0.0-alpha.5',
59 silly addNameRange     '4.0.0-alpha.6',
59 silly addNameRange     '4.0.0-alpha.7',
59 silly addNameRange     '4.0.0-alpha.8',
59 silly addNameRange     '4.0.0-alpha.9',
59 silly addNameRange     '4.0.0-alpha.10',
59 silly addNameRange     '4.0.0-alpha.11',
59 silly addNameRange     '4.0.0-alpha.12',
59 silly addNameRange     '4.0.0-alpha.13',
59 silly addNameRange     '4.0.0',
59 silly addNameRange     '5.0.0' ] ]
60 verbose addNamed [ 'windows-build-tools', '5.0.0' ]
61 verbose addNamed [ '5.0.0', '5.0.0' ]
62 silly lockFile 56906f20-windows-build-tools-5-0-0 windows-build-tools@5.0.0
63 verbose lock windows-build-tools@5.0.0 /root/.npm/56906f20-windows-build-tools-5-0-0.lock
64 info retry fetch attempt 1 at 02:39:39
65 verbose fetch to= /tmp/npm-15998-cDyq2-ZS/registry.npmjs.org/node-gyp/-/node-gyp-3.8.0.tgz
66 silly lockFile ba46b0a0-ls-windows-build-tools-5-0-0-tgz https://registry.npmjs.org/windows-build-tools/-/windows-build-tools-5.0.0.tgz
67 verbose lock https://registry.npmjs.org/windows-build-tools/-/windows-build-tools-5.0.0.tgz /root/.npm/ba46b0a0-ls-windows-build-tools-5-0-0-tgz.lock
68 http GET https://registry.npmjs.org/node-gyp/-/node-gyp-3.8.0.tgz
69 verbose addRemoteTarball [ 'https://registry.npmjs.org/windows-build-tools/-/windows-build-tools-5.0.0.tgz',
69 verbose addRemoteTarball   '418f9e5dfbd046d54ab9031e18bb27a33a09c159' ]
70 info retry fetch attempt 1 at 02:39:39
71 verbose fetch to= /tmp/npm-15998-cDyq2-ZS/registry.npmjs.org/windows-build-tools/-/windows-build-tools-5.0.0.tgz
72 http GET https://registry.npmjs.org/windows-build-tools/-/windows-build-tools-5.0.0.tgz
73 http 200 https://registry.npmjs.org/windows-build-tools/-/windows-build-tools-5.0.0.tgz
74 http 200 https://registry.npmjs.org/node-gyp/-/node-gyp-3.8.0.tgz
75 silly lockFile ba46b0a0-ls-windows-build-tools-5-0-0-tgz https://registry.npmjs.org/windows-build-tools/-/windows-build-tools-5.0.0.tgz
76 silly lockFile ba46b0a0-ls-windows-build-tools-5-0-0-tgz https://registry.npmjs.org/windows-build-tools/-/windows-build-tools-5.0.0.tgz
77 silly lockFile 56906f20-windows-build-tools-5-0-0 windows-build-tools@5.0.0
78 silly lockFile 56906f20-windows-build-tools-5-0-0 windows-build-tools@5.0.0
79 silly lockFile 5d7abb51-windows-build-tools windows-build-tools@
80 silly lockFile 5d7abb51-windows-build-tools windows-build-tools@
81 silly lockFile 37ae1628--org-node-gyp-node-gyp-3-8-0-tgz https://registry.npmjs.org/node-gyp/-/node-gyp-3.8.0.tgz
82 silly lockFile 37ae1628--org-node-gyp-node-gyp-3-8-0-tgz https://registry.npmjs.org/node-gyp/-/node-gyp-3.8.0.tgz
83 silly lockFile 098fc9d0-node-gyp-3-8-0 node-gyp@3.8.0
84 silly lockFile 098fc9d0-node-gyp-3-8-0 node-gyp@3.8.0
85 silly lockFile c0cd6589-node-gyp node-gyp@
86 silly lockFile c0cd6589-node-gyp node-gyp@
87 silly resolved [ { name: 'windows-build-tools',
87 silly resolved     version: '5.0.0',
87 silly resolved     description: 'Install C++ Build Tools for Windows using npm',
87 silly resolved     main: 'dist/index.js',
87 silly resolved     scripts:
87 silly resolved      { test: 'npm run lint && npm run unit',
87 silly resolved        unit: 'jest',
87 silly resolved        postinstall: 'node ./dist/index.js',
87 silly resolved        build: 'tsc -p tsconfig.json',
87 silly resolved        prepare: 'npm run build',
87 silly resolved        start: 'npm run build && npm run postinstall',
87 silly resolved        lint: 'tslint -c tslint.json -p tsconfig.json "src/**/*.ts"' },
87 silly resolved     repository:
87 silly resolved      { type: 'git',
87 silly resolved        url: 'git+https://github.com/felixrieseberg/windows-build-tools.git' },
87 silly resolved     os: [ 'win32' ],
87 silly resolved     keywords: [ 'Windows', 'Build Tools', 'node-gyp', 'native', 'c++' ],
87 silly resolved     engines: { node: '>=8.0.0' },
87 silly resolved     author: { name: 'Felix Rieseberg', email: 'felix@felixrieseberg.com' },
87 silly resolved     license: 'MIT',
87 silly resolved     bugs: { url: 'https://github.com/felixrieseberg/windows-build-tools/issues' },
87 silly resolved     homepage: 'https://github.com/felixrieseberg/windows-build-tools#readme',
87 silly resolved     devDependencies:
87 silly resolved      { '@types/chalk': '^2.2.0',
87 silly resolved        '@types/fs-extra': '^5.0.4',
87 silly resolved        '@types/jest': '^23.3.1',
87 silly resolved        '@types/node': '^10.9.4',
87 silly resolved        jest: '^23.5.0',
87 silly resolved        'ts-jest': '^22.4.6',
87 silly resolved        tslint: '^5.11.0',
87 silly resolved        'tslint-microsoft-contrib': '^5.2.1',
87 silly resolved        typescript: '^3.0.3' },
87 silly resolved     dependencies:
87 silly resolved      { chalk: '^2.4.1',
87 silly resolved        debug: '^3.1.0',
87 silly resolved        'fs-extra': '^7.0.0',
87 silly resolved        'in-gfw': '^1.2.0',
87 silly resolved        nugget: '^2.0.1',
87 silly resolved        'string-width': '^2.1.1' },
87 silly resolved     jest:
87 silly resolved      { moduleFileExtensions: [Object],
87 silly resolved        transform: [Object],
87 silly resolved        globals: [Object],
87 silly resolved        testMatch: [Object] },
87 silly resolved     gitHead: 'a1ff38f579f77a205269e9bb6e6f3de5cd0ea2fa',
87 silly resolved     _id: 'windows-build-tools@5.0.0',
87 silly resolved     _npmVersion: '6.3.0',
87 silly resolved     _nodeVersion: '9.8.0',
87 silly resolved     _npmUser: { name: 'felixrieseberg', email: 'felix@felixrieseberg.com' },
87 silly resolved     dist:
87 silly resolved      { integrity: 'sha512-PQz/G2L38V/YJ0nL5/c3sfymcXR2Ju7kyyyWIKZi9q6aBw09Wi4qIv7mX0gaGiwCwpNPRVd8atlGKwrq2KKunA==',
87 silly resolved        shasum: '418f9e5dfbd046d54ab9031e18bb27a33a09c159',
87 silly resolved        tarball: 'https://registry.npmjs.org/windows-build-tools/-/windows-build-tools-5.0.0.tgz',
87 silly resolved        fileCount: 59,
87 silly resolved        unpackedSize: 88899,
87 silly resolved        'npm-signature': '-----BEGIN PGP SIGNATURE-----\r\nVersion: OpenPGP.js v3.0.4\r\nComment: https://openpgpjs.org\r\n\r\nwsFcBAEBCAAQBQJboLjeCRA9TVsSAnZWagAACugP/ihdpgD4p3IJoGzR4VaF\naEzvu1XOFeIRa/XX6IiRgCbmPOhfVsrioNhDpe3h1+1lVuZsLffmSteDPbJB\nHJNFLlHvhJ3HGdwubn7EDf0RMSlMci1JGP0M8fYSyEjdssqb1Gy8OjZoRj0O\nueeEunCrUjRvvTYE7lw+GgDsgv3ezGuIHLb0dcq9QGIhOe7HK7sgDDmyJjHx\n+B6cAX0n+a6+hTN4pVJLSL3SMQ181qD9/KhGdmr2e9SehrixXVkADMEmQpNu\nfIcOMnK/5IkN6nCQb/Jv2S8rp6mayQTspa9qw4hFjhwGABeZYqVGnbMEyo/H\nmWnYQPjDLtYsj7ku2cN6WI4syy/lXiySzkVUJvzp2fnksCRBIfkW1Fu4bFO2\nu/IqAFmktfZP2p+rOC8k3zrnPR4uJY/6aSdyB03jjx7xTBslYvWuYA2fN+wa\niL6yKSko3Y7CyarYl8SCEr0n3pjcrOafihLHfEXr7K+XlbcRScKXnGjXzu+7\n9wsIndAjKUx1un+PFdl1Xd/KozmhpheW6JXQdrjaDmlhmualpDhVSo6xiB3h\nCKPvMJWmBUXPuJ66oroWkvIBl9gn+sZyNS2kCTalvT6DpXHvZeWx9mU/4ky7\nxvBFNUj/0qm0b5fdXoh6ifECwavQhQUWiQXVTj1iCB/HhGLtLslpTIxsBGDq\no4MK\r\n=inJ7\r\n-----END PGP SIGNATURE-----\r\n' },
87 silly resolved     maintainers: [ [Object] ],
87 silly resolved     directories: {},
87 silly resolved     _npmOperationalInternal:
87 silly resolved      { host: 's3://npm-registry-packages',
87 silly resolved        tmp: 'tmp/windows-build-tools_5.0.0_1537259741905_0.7521132801679637' },
87 silly resolved     _hasShrinkwrap: false,
87 silly resolved     _shasum: '418f9e5dfbd046d54ab9031e18bb27a33a09c159',
87 silly resolved     _from: 'windows-build-tools@',
87 silly resolved     _resolved: 'https://registry.npmjs.org/windows-build-tools/-/windows-build-tools-5.0.0.tgz' },
87 silly resolved   { name: 'node-gyp',
87 silly resolved     description: 'Node.js native addon build tool',
87 silly resolved     license: 'MIT',
87 silly resolved     keywords: [ 'native', 'addon', 'module', 'c', 'c++', 'bindings', 'gyp' ],
87 silly resolved     version: '3.8.0',
87 silly resolved     installVersion: 9,
87 silly resolved     author:
87 silly resolved      { name: 'Nathan Rajlich',
87 silly resolved        email: 'nathan@tootallnate.net',
87 silly resolved        url: 'http://tootallnate.net' },
87 silly resolved     repository: { type: 'git', url: 'git://github.com/nodejs/node-gyp.git' },
87 silly resolved     preferGlobal: true,
87 silly resolved     bin: { 'node-gyp': './bin/node-gyp.js' },
87 silly resolved     main: './lib/node-gyp.js',
87 silly resolved     dependencies:
87 silly resolved      { fstream: '^1.0.0',
87 silly resolved        glob: '^7.0.3',
87 silly resolved        'graceful-fs': '^4.1.2',
87 silly resolved        mkdirp: '^0.5.0',
87 silly resolved        nopt: '2 || 3',
87 silly resolved        npmlog: '0 || 1 || 2 || 3 || 4',
87 silly resolved        osenv: '0',
87 silly resolved        request: '^2.87.0',
87 silly resolved        rimraf: '2',
87 silly resolved        semver: '~5.3.0',
87 silly resolved        tar: '^2.0.0',
87 silly resolved        which: '1' },
87 silly resolved     engines: { node: '>= 0.8.0' },
87 silly resolved     devDependencies:
87 silly resolved      { tape: '~4.2.0',
87 silly resolved        bindings: '~1.2.1',
87 silly resolved        nan: '^2.0.0',
87 silly resolved        'require-inject': '~1.3.0' },
87 silly resolved     scripts: { test: 'tape test/test-*' },
87 silly resolved     gitHead: '9a404d6d36dcf9c7be2ae9963019c4d89bbb9155',
87 silly resolved     bugs: { url: 'https://github.com/nodejs/node-gyp/issues' },
87 silly resolved     homepage: 'https://github.com/nodejs/node-gyp#readme',
87 silly resolved     _id: 'node-gyp@3.8.0',
87 silly resolved     _npmVersion: '6.2.0',
87 silly resolved     _nodeVersion: '10.8.0',
87 silly resolved     _npmUser: { name: 'rvagg', email: 'r@va.gg' },
87 silly resolved     dist:
87 silly resolved      { integrity: 'sha512-3g8lYefrRRzvGeSowdJKAKyks8oUpLEd/DyPV4eMhVlhJ0aNaZqIrNUIPuEWWTAoPqyFkfGrM67MC69baqn6vA==',
87 silly resolved        shasum: '540304261c330e80d0d5edce253a68cb3964218c',
87 silly resolved        tarball: 'https://registry.npmjs.org/node-gyp/-/node-gyp-3.8.0.tgz',
87 silly resolved        fileCount: 109,
87 silly resolved        unpackedSize: 1610630,
87 silly resolved        'npm-signature': '-----BEGIN PGP SIGNATURE-----\r\nVersion: OpenPGP.js v3.0.4\r\nComment: https://openpgpjs.org\r\n\r\nwsFcBAEBCAAQBQJba5CnCRA9TVsSAnZWagAAYjwP/24ixELdWdA5vxc2wX+h\nSv2bljv5fPIfc9I9K2fQML13jsIhM09scT4dRqXsS8tNRaUEtk0brWwcqeEk\nYZH5iaxJBwRxxWoURThC5n26m1+lpHesXeO+ybjsO2XywhC3PrkPhGdsTPEn\nE+hhQmUWZfw0/xm0tmTA8/hVCx3CtbYmcjNPGnSNRnUQV12299j/FPMV9mQn\nAIYKkG+vWF1gQuAZJyrn91DDyMvMLJzPw8kUfyZaV+XrfKm7Fwdl9MzQ5N5H\nbZqOOme8/7bh8MZdltNAN6i7he6rYJE/NZc4rbCyKOJiuYRPViKBlZRjkXwk\nxE2aKU4tE3T2Tg0Lq/mD5dtoKZqKnMWNY3m6g+aPI0eouSS0hH3ChpS0Fj6H\nE+0eqCejSdXZOrV+f1X5Lp8cQ4KC1eQtPUTVoQ9uQEagKMfIr4LvUVQFA6JZ\nBZmYOqeBzhBZJ4ZP8+9qtYYgyjSs4PMcUUjMPwvc9nNXe+WAzrMYZWhG1DPg\n3U+S6c153tfaQzM0QgLHzMGboPkJKy1ksNmYM9/nAMNyb+0frYy2ipLRbWN/\nGooE2vT7DdtkYBULP4KU0QUii7ZiRDz3ZzkK9I3oFNNUZEeS3ZNcskBNe9K4\nRok9drX5T0yxh36kq35//aWnOw0WbZAOpwTZZzEztdCc5uOI+8gyR6J5+IgK\nH0sX\r\n=iLeV\r\n-----END PGP SIGNATURE-----\r\n' },
87 silly resolved     maintainers: [ [Object], [Object], [Object], [Object] ],
87 silly resolved     directories: {},
87 silly resolved     _npmOperationalInternal:
87 silly resolved      { host: 's3://npm-registry-packages',
87 silly resolved        tmp: 'tmp/node-gyp_3.8.0_1533776038884_0.5439886750622425' },
87 silly resolved     _shasum: '540304261c330e80d0d5edce253a68cb3964218c',
87 silly resolved     _from: 'node-gyp@',
87 silly resolved     _resolved: 'https://registry.npmjs.org/node-gyp/-/node-gyp-3.8.0.tgz' } ]
88 info install windows-build-tools@5.0.0 into /usr/local/lib
89 info install node-gyp@3.8.0 into /usr/local/lib
90 info installOne windows-build-tools@5.0.0
91 warn engine windows-build-tools@5.0.0: wanted: {"node":">=8.0.0"} (current: {"node":"0.10.29","npm":"1.4.21"})
92 error notsup Unsupported
92 error notsup Not compatible with your operating system or architecture: windows-build-tools@5.0.0
92 error notsup Valid OS:    win32
92 error notsup Valid Arch:  any
92 error notsup Actual OS:   linux
92 error notsup Actual Arch: x64
93 error System Linux 4.15.18-9-pve
94 error command "/usr/bin/nodejs" "/usr/bin/npm" "-g" "--add-python-to-path" "--vs2017" "install" "windows-build-tools" "node-gyp"
95 error cwd /root/home/Docks
96 error node -v v0.10.29
97 error npm -v 1.4.21
98 error code EBADPLATFORM
99 verbose exit [ 1, true ]
